Build started 12-6-2014 21:02:40.
     1>Project "C:\Users\Bas\Dropbox\TU Delft\Jaar 3\TI1805 Computer Graphics\Assignments\Assignment 4\project\Assignment4_mvs\Assignment4_mvs.vcxproj" on node 2 (Build target(s)).
     1>ClCompile:
         C:\Program Files (x86)\Microsoft Visual Studio 12.0\VC\bin\CL.exe /c /ZI /nologo /W3 /WX- /sdl /Od /Oy- /D _MBCS /Gm /EHsc /RTC1 /MDd /GS /fp:precise /Zc:wchar_t /Zc:forScope /Fo"Debug\\" /Fd"Debug\vc120.pdb" /Gd /TP /analyze- /errorReport:prompt main.cpp mesh.cpp raytracing.cpp
     1>cl : Command line warning D9028: minimal rebuild failure, reverting to normal build
         main.cpp
     1>c:\program files (x86)\windows kits\8.1\include\um\gl\gl.h(1157): error C2144: syntax error : 'void' should be preceded by ';'
     1>c:\program files (x86)\windows kits\8.1\include\um\gl\gl.h(1157): error C4430: missing type specifier - int assumed. Note: C++ does not support default-int
     1>c:\program files (x86)\windows kits\8.1\include\um\gl\gl.h(1157): error C2146: syntax error : missing ';' before identifier 'glAccum'
     1>c:\program files (x86)\windows kits\8.1\include\um\gl\gl.h(1157): error C2182: 'APIENTRY' : illegal use of type 'void'
     1>c:\program files (x86)\windows kits\8.1\include\um\gl\gl.h(1158): error C2144: syntax error : 'void' should be preceded by ';'
     1>c:\program files (x86)\windows kits\8.1\include\um\gl\gl.h(1158): error C4430: missing type specifier - int assumed. Note: C++ does not support default-int
     1>c:\program files (x86)\windows kits\8.1\include\um\gl\gl.h(1158): error C2086: 'int WINGDIAPI' : redefinition
                 c:\program files (x86)\windows kits\8.1\include\um\gl\gl.h(1157) : see declaration of 'WINGDIAPI'
     1>c:\program files (x86)\windows kits\8.1\include\um\gl\gl.h(1158): error C2146: syntax error : missing ';' before identifier 'glAlphaFunc'
     1>c:\program files (x86)\windows kits\8.1\include\um\gl\gl.h(1158): error C2182: 'APIENTRY' : illegal use of type 'void'
     1>c:\program files (x86)\windows kits\8.1\include\um\gl\gl.h(1158): error C2086: 'int APIENTRY' : redefinition
                 c:\program files (x86)\windows kits\8.1\include\um\gl\gl.h(1157) : see declaration of 'APIENTRY'
     1>c:\program files (x86)\windows kits\8.1\include\um\gl\gl.h(1159): error C2146: syntax error : missing ';' before identifier 'GLboolean'
     1>c:\program files (x86)\windows kits\8.1\include\um\gl\gl.h(1159): error C4430: missing type specifier - int assumed. Note: C++ does not support default-int
     1>c:\program files (x86)\windows kits\8.1\include\um\gl\gl.h(1159): error C2086: 'int WINGDIAPI' : redefinition
                 c:\program files (x86)\windows kits\8.1\include\um\gl\gl.h(1157) : see declaration of 'WINGDIAPI'
     1>c:\program files (x86)\windows kits\8.1\include\um\gl\gl.h(1159): error C2146: syntax error : missing ';' before identifier 'glAreTexturesResident'
     1>c:\program files (x86)\windows kits\8.1\include\um\gl\gl.h(1159): error C2371: 'APIENTRY' : redefinition; different basic types
                 c:\program files (x86)\windows kits\8.1\include\um\gl\gl.h(1157) : see declaration of 'APIENTRY'
     1>c:\program files (x86)\windows kits\8.1\include\um\gl\gl.h(1160): error C2144: syntax error : 'void' should be preceded by ';'
     1>c:\program files (x86)\windows kits\8.1\include\um\gl\gl.h(1160): error C4430: missing type specifier - int assumed. Note: C++ does not support default-int
     1>c:\program files (x86)\windows kits\8.1\include\um\gl\gl.h(1160): error C2086: 'int WINGDIAPI' : redefinition
                 c:\program files (x86)\windows kits\8.1\include\um\gl\gl.h(1157) : see declaration of 'WINGDIAPI'
     1>c:\program files (x86)\windows kits\8.1\include\um\gl\gl.h(1160): error C2146: syntax error : missing ';' before identifier 'glArrayElement'
     1>c:\program files (x86)\windows kits\8.1\include\um\gl\gl.h(1160): error C2182: 'APIENTRY' : illegal use of type 'void'
     1>c:\program files (x86)\windows kits\8.1\include\um\gl\gl.h(1160): error C2086: 'int APIENTRY' : redefinition
                 c:\program files (x86)\windows kits\8.1\include\um\gl\gl.h(1157) : see declaration of 'APIENTRY'
     1>c:\program files (x86)\windows kits\8.1\include\um\gl\gl.h(1161): error C2144: syntax error : 'void' should be preceded by ';'
     1>c:\program files (x86)\windows kits\8.1\include\um\gl\gl.h(1161): error C4430: missing type specifier - int assumed. Note: C++ does not support default-int
     1>c:\program files (x86)\windows kits\8.1\include\um\gl\gl.h(1161): error C2086: 'int WINGDIAPI' : redefinition
                 c:\program files (x86)\windows kits\8.1\include\um\gl\gl.h(1157) : see declaration of 'WINGDIAPI'
     1>c:\program files (x86)\windows kits\8.1\include\um\gl\gl.h(1161): error C2146: syntax error : missing ';' before identifier 'glBegin'
     1>c:\program files (x86)\windows kits\8.1\include\um\gl\gl.h(1161): error C2182: 'APIENTRY' : illegal use of type 'void'
     1>c:\program files (x86)\windows kits\8.1\include\um\gl\gl.h(1161): error C2086: 'int APIENTRY' : redefinition
                 c:\program files (x86)\windows kits\8.1\include\um\gl\gl.h(1157) : see declaration of 'APIENTRY'
     1>c:\program files (x86)\windows kits\8.1\include\um\gl\gl.h(1162): error C2144: syntax error : 'void' should be preceded by ';'
     1>c:\program files (x86)\windows kits\8.1\include\um\gl\gl.h(1162): error C4430: missing type specifier - int assumed. Note: C++ does not support default-int
     1>c:\program files (x86)\windows kits\8.1\include\um\gl\gl.h(1162): error C2086: 'int WINGDIAPI' : redefinition
                 c:\program files (x86)\windows kits\8.1\include\um\gl\gl.h(1157) : see declaration of 'WINGDIAPI'
     1>c:\program files (x86)\windows kits\8.1\include\um\gl\gl.h(1162): error C2146: syntax error : missing ';' before identifier 'glBindTexture'
     1>c:\program files (x86)\windows kits\8.1\include\um\gl\gl.h(1162): error C2182: 'APIENTRY' : illegal use of type 'void'
     1>c:\program files (x86)\windows kits\8.1\include\um\gl\gl.h(1162): error C2086: 'int APIENTRY' : redefinition
                 c:\program files (x86)\windows kits\8.1\include\um\gl\gl.h(1157) : see declaration of 'APIENTRY'
     1>c:\program files (x86)\windows kits\8.1\include\um\gl\gl.h(1163): error C2144: syntax error : 'void' should be preceded by ';'
     1>c:\program files (x86)\windows kits\8.1\include\um\gl\gl.h(1163): error C4430: missing type specifier - int assumed. Note: C++ does not support default-int
     1>c:\program files (x86)\windows kits\8.1\include\um\gl\gl.h(1163): error C2086: 'int WINGDIAPI' : redefinition
                 c:\program files (x86)\windows kits\8.1\include\um\gl\gl.h(1157) : see declaration of 'WINGDIAPI'
     1>c:\program files (x86)\windows kits\8.1\include\um\gl\gl.h(1163): error C2146: syntax error : missing ';' before identifier 'glBitmap'
     1>c:\program files (x86)\windows kits\8.1\include\um\gl\gl.h(1163): error C2182: 'APIENTRY' : illegal use of type 'void'
     1>c:\program files (x86)\windows kits\8.1\include\um\gl\gl.h(1163): error C2086: 'int APIENTRY' : redefinition
                 c:\program files (x86)\windows kits\8.1\include\um\gl\gl.h(1157) : see declaration of 'APIENTRY'
     1>c:\program files (x86)\windows kits\8.1\include\um\gl\gl.h(1164): error C2144: syntax error : 'void' should be preceded by ';'
     1>c:\program files (x86)\windows kits\8.1\include\um\gl\gl.h(1164): error C4430: missing type specifier - int assumed. Note: C++ does not support default-int
     1>c:\program files (x86)\windows kits\8.1\include\um\gl\gl.h(1164): error C2086: 'int WINGDIAPI' : redefinition
                 c:\program files (x86)\windows kits\8.1\include\um\gl\gl.h(1157) : see declaration of 'WINGDIAPI'
     1>c:\program files (x86)\windows kits\8.1\include\um\gl\gl.h(1164): error C2146: syntax error : missing ';' before identifier 'glBlendFunc'
     1>c:\program files (x86)\windows kits\8.1\include\um\gl\gl.h(1164): error C2182: 'APIENTRY' : illegal use of type 'void'
     1>c:\program files (x86)\windows kits\8.1\include\um\gl\gl.h(1164): error C2086: 'int APIENTRY' : redefinition
                 c:\program files (x86)\windows kits\8.1\include\um\gl\gl.h(1157) : see declaration of 'APIENTRY'
     1>c:\program files (x86)\windows kits\8.1\include\um\gl\gl.h(1165): error C2144: syntax error : 'void' should be preceded by ';'
     1>c:\program files (x86)\windows kits\8.1\include\um\gl\gl.h(1165): error C4430: missing type specifier - int assumed. Note: C++ does not support default-int
     1>c:\program files (x86)\windows kits\8.1\include\um\gl\gl.h(1165): error C2086: 'int WINGDIAPI' : redefinition
                 c:\program files (x86)\windows kits\8.1\include\um\gl\gl.h(1157) : see declaration of 'WINGDIAPI'
     1>c:\program files (x86)\windows kits\8.1\include\um\gl\gl.h(1165): error C2146: syntax error : missing ';' before identifier 'glCallList'
     1>c:\program files (x86)\windows kits\8.1\include\um\gl\gl.h(1165): error C2182: 'APIENTRY' : illegal use of type 'void'
     1>c:\program files (x86)\windows kits\8.1\include\um\gl\gl.h(1165): error C2086: 'int APIENTRY' : redefinition
                 c:\program files (x86)\windows kits\8.1\include\um\gl\gl.h(1157) : see declaration of 'APIENTRY'
     1>c:\program files (x86)\windows kits\8.1\include\um\gl\gl.h(1166): error C2144: syntax error : 'void' should be preceded by ';'
     1>c:\program files (x86)\windows kits\8.1\include\um\gl\gl.h(1166): error C4430: missing type specifier - int assumed. Note: C++ does not support default-int
     1>c:\program files (x86)\windows kits\8.1\include\um\gl\gl.h(1166): error C2086: 'int WINGDIAPI' : redefinition
                 c:\program files (x86)\windows kits\8.1\include\um\gl\gl.h(1157) : see declaration of 'WINGDIAPI'
     1>c:\program files (x86)\windows kits\8.1\include\um\gl\gl.h(1166): error C2146: syntax error : missing ';' before identifier 'glCallLists'
     1>c:\program files (x86)\windows kits\8.1\include\um\gl\gl.h(1166): error C2182: 'APIENTRY' : illegal use of type 'void'
     1>c:\program files (x86)\windows kits\8.1\include\um\gl\gl.h(1166): error C2086: 'int APIENTRY' : redefinition
                 c:\program files (x86)\windows kits\8.1\include\um\gl\gl.h(1157) : see declaration of 'APIENTRY'
     1>c:\program files (x86)\windows kits\8.1\include\um\gl\gl.h(1167): error C2144: syntax error : 'void' should be preceded by ';'
     1>c:\program files (x86)\windows kits\8.1\include\um\gl\gl.h(1167): error C4430: missing type specifier - int assumed. Note: C++ does not support default-int
     1>c:\program files (x86)\windows kits\8.1\include\um\gl\gl.h(1167): error C2086: 'int WINGDIAPI' : redefinition
                 c:\program files (x86)\windows kits\8.1\include\um\gl\gl.h(1157) : see declaration of 'WINGDIAPI'
     1>c:\program files (x86)\windows kits\8.1\include\um\gl\gl.h(1167): error C2146: syntax error : missing ';' before identifier 'glClear'
     1>c:\program files (x86)\windows kits\8.1\include\um\gl\gl.h(1167): error C2182: 'APIENTRY' : illegal use of type 'void'
     1>c:\program files (x86)\windows kits\8.1\include\um\gl\gl.h(1167): error C2086: 'int APIENTRY' : redefinition
                 c:\program files (x86)\windows kits\8.1\include\um\gl\gl.h(1157) : see declaration of 'APIENTRY'
     1>c:\program files (x86)\windows kits\8.1\include\um\gl\gl.h(1168): error C2144: syntax error : 'void' should be preceded by ';'
     1>c:\program files (x86)\windows kits\8.1\include\um\gl\gl.h(1168): error C4430: missing type specifier - int assumed. Note: C++ does not support default-int
     1>c:\program files (x86)\windows kits\8.1\include\um\gl\gl.h(1168): error C2086: 'int WINGDIAPI' : redefinition
                 c:\program files (x86)\windows kits\8.1\include\um\gl\gl.h(1157) : see declaration of 'WINGDIAPI'
     1>c:\program files (x86)\windows kits\8.1\include\um\gl\gl.h(1168): error C2146: syntax error : missing ';' before identifier 'glClearAccum'
     1>c:\program files (x86)\windows kits\8.1\include\um\gl\gl.h(1168): error C2182: 'APIENTRY' : illegal use of type 'void'
     1>c:\program files (x86)\windows kits\8.1\include\um\gl\gl.h(1168): error C2086: 'int APIENTRY' : redefinition
                 c:\program files (x86)\windows kits\8.1\include\um\gl\gl.h(1157) : see declaration of 'APIENTRY'
     1>c:\program files (x86)\windows kits\8.1\include\um\gl\gl.h(1169): error C2144: syntax error : 'void' should be preceded by ';'
     1>c:\program files (x86)\windows kits\8.1\include\um\gl\gl.h(1169): error C4430: missing type specifier - int assumed. Note: C++ does not support default-int
     1>c:\program files (x86)\windows kits\8.1\include\um\gl\gl.h(1169): error C2086: 'int WINGDIAPI' : redefinition
                 c:\program files (x86)\windows kits\8.1\include\um\gl\gl.h(1157) : see declaration of 'WINGDIAPI'
     1>c:\program files (x86)\windows kits\8.1\include\um\gl\gl.h(1169): error C2146: syntax error : missing ';' before identifier 'glClearColor'
     1>c:\program files (x86)\windows kits\8.1\include\um\gl\gl.h(1169): error C2182: 'APIENTRY' : illegal use of type 'void'
     1>c:\program files (x86)\windows kits\8.1\include\um\gl\gl.h(1169): error C2086: 'int APIENTRY' : redefinition
                 c:\program files (x86)\windows kits\8.1\include\um\gl\gl.h(1157) : see declaration of 'APIENTRY'
     1>c:\program files (x86)\windows kits\8.1\include\um\gl\gl.h(1170): error C2144: syntax error : 'void' should be preceded by ';'
     1>c:\program files (x86)\windows kits\8.1\include\um\gl\gl.h(1170): error C4430: missing type specifier - int assumed. Note: C++ does not support default-int
     1>c:\program files (x86)\windows kits\8.1\include\um\gl\gl.h(1170): error C2086: 'int WINGDIAPI' : redefinition
                 c:\program files (x86)\windows kits\8.1\include\um\gl\gl.h(1157) : see declaration of 'WINGDIAPI'
     1>c:\program files (x86)\windows kits\8.1\include\um\gl\gl.h(1170): error C2146: syntax error : missing ';' before identifier 'glClearDepth'
     1>c:\program files (x86)\windows kits\8.1\include\um\gl\gl.h(1170): error C2182: 'APIENTRY' : illegal use of type 'void'
     1>c:\program files (x86)\windows kits\8.1\include\um\gl\gl.h(1170): error C2086: 'int APIENTRY' : redefinition
                 c:\program files (x86)\windows kits\8.1\include\um\gl\gl.h(1157) : see declaration of 'APIENTRY'
     1>c:\program files (x86)\windows kits\8.1\include\um\gl\gl.h(1171): error C2144: syntax error : 'void' should be preceded by ';'
     1>c:\program files (x86)\windows kits\8.1\include\um\gl\gl.h(1171): error C4430: missing type specifier - int assumed. Note: C++ does not support default-int
     1>c:\program files (x86)\windows kits\8.1\include\um\gl\gl.h(1171): error C2086: 'int WINGDIAPI' : redefinition
                 c:\program files (x86)\windows kits\8.1\include\um\gl\gl.h(1157) : see declaration of 'WINGDIAPI'
     1>c:\program files (x86)\windows kits\8.1\include\um\gl\gl.h(1171): error C2146: syntax error : missing ';' before identifier 'glClearIndex'
     1>c:\program files (x86)\windows kits\8.1\include\um\gl\gl.h(1171): error C2182: 'APIENTRY' : illegal use of type 'void'
     1>c:\program files (x86)\windows kits\8.1\include\um\gl\gl.h(1171): error C2086: 'int APIENTRY' : redefinition
                 c:\program files (x86)\windows kits\8.1\include\um\gl\gl.h(1157) : see declaration of 'APIENTRY'
     1>c:\program files (x86)\windows kits\8.1\include\um\gl\gl.h(1172): error C2144: syntax error : 'void' should be preceded by ';'
     1>c:\program files (x86)\windows kits\8.1\include\um\gl\gl.h(1172): error C4430: missing type specifier - int assumed. Note: C++ does not support default-int
     1>c:\program files (x86)\windows kits\8.1\include\um\gl\gl.h(1172): error C2086: 'int WINGDIAPI' : redefinition
                 c:\program files (x86)\windows kits\8.1\include\um\gl\gl.h(1157) : see declaration of 'WINGDIAPI'
     1>c:\program files (x86)\windows kits\8.1\include\um\gl\gl.h(1172): error C2146: syntax error : missing ';' before identifier 'glClearStencil'
     1>c:\program files (x86)\windows kits\8.1\include\um\gl\gl.h(1172): error C2182: 'APIENTRY' : illegal use of type 'void'
     1>c:\program files (x86)\windows kits\8.1\include\um\gl\gl.h(1172): error C2086: 'int APIENTRY' : redefinition
                 c:\program files (x86)\windows kits\8.1\include\um\gl\gl.h(1157) : see declaration of 'APIENTRY'
     1>c:\program files (x86)\windows kits\8.1\include\um\gl\gl.h(1173): error C2144: syntax error : 'void' should be preceded by ';'
     1>c:\program files (x86)\windows kits\8.1\include\um\gl\gl.h(1173): error C4430: missing type specifier - int assumed. Note: C++ does not support default-int
     1>c:\program files (x86)\windows kits\8.1\include\um\gl\gl.h(1173): error C2086: 'int WINGDIAPI' : redefinition
                 c:\program files (x86)\windows kits\8.1\include\um\gl\gl.h(1157) : see declaration of 'WINGDIAPI'
     1>c:\program files (x86)\windows kits\8.1\include\um\gl\gl.h(1173): error C2146: syntax error : missing ';' before identifier 'glClipPlane'
     1>c:\program files (x86)\windows kits\8.1\include\um\gl\gl.h(1173): error C2182: 'APIENTRY' : illegal use of type 'void'
     1>c:\program files (x86)\windows kits\8.1\include\um\gl\gl.h(1173): error C2086: 'int APIENTRY' : redefinition
                 c:\program files (x86)\windows kits\8.1\include\um\gl\gl.h(1157) : see declaration of 'APIENTRY'
     1>c:\program files (x86)\windows kits\8.1\include\um\gl\gl.h(1174): error C2144: syntax error : 'void' should be preceded by ';'
     1>c:\program files (x86)\windows kits\8.1\include\um\gl\gl.h(1174): error C4430: missing type specifier - int assumed. Note: C++ does not support default-int
     1>c:\program files (x86)\windows kits\8.1\include\um\gl\gl.h(1174): error C2086: 'int WINGDIAPI' : redefinition
                 c:\program files (x86)\windows kits\8.1\include\um\gl\gl.h(1157) : see declaration of 'WINGDIAPI'
     1>c:\program files (x86)\windows kits\8.1\include\um\gl\gl.h(1174): error C2146: syntax error : missing ';' before identifier 'glColor3b'
     1>c:\program files (x86)\windows kits\8.1\include\um\gl\gl.h(1174): error C2182: 'APIENTRY' : illegal use of type 'void'
     1>c:\program files (x86)\windows kits\8.1\include\um\gl\gl.h(1174): error C2086: 'int APIENTRY' : redefinition
                 c:\program files (x86)\windows kits\8.1\include\um\gl\gl.h(1157) : see declaration of 'APIENTRY'
     1>c:\program files (x86)\windows kits\8.1\include\um\gl\gl.h(1175): error C2144: syntax error : 'void' should be preceded by ';'
     1>c:\program files (x86)\windows kits\8.1\include\um\gl\gl.h(1175): error C4430: missing type specifier - int assumed. Note: C++ does not support default-int
     1>c:\program files (x86)\windows kits\8.1\include\um\gl\gl.h(1175): error C2086: 'int WINGDIAPI' : redefinition
                 c:\program files (x86)\windows kits\8.1\include\um\gl\gl.h(1157) : see declaration of 'WINGDIAPI'
     1>c:\program files (x86)\windows kits\8.1\include\um\gl\gl.h(1175): error C2146: syntax error : missing ';' before identifier 'glColor3bv'
     1>c:\program files (x86)\windows kits\8.1\include\um\gl\gl.h(1175): error C2182: 'APIENTRY' : illegal use of type 'void'
     1>c:\program files (x86)\windows kits\8.1\include\um\gl\gl.h(1175): error C2086: 'int APIENTRY' : redefinition
                 c:\program files (x86)\windows kits\8.1\include\um\gl\gl.h(1157) : see declaration of 'APIENTRY'
     1>c:\program files (x86)\windows kits\8.1\include\um\gl\gl.h(1176): error C2144: syntax error : 'void' should be preceded by ';'
     1>c:\program files (x86)\windows kits\8.1\include\um\gl\gl.h(1176): error C4430: missing type specifier - int assumed. Note: C++ does not support default-int
     1>c:\program files (x86)\windows kits\8.1\include\um\gl\gl.h(1176): error C2086: 'int WINGDIAPI' : redefinition
                 c:\program files (x86)\windows kits\8.1\include\um\gl\gl.h(1157) : see declaration of 'WINGDIAPI'
     1>c:\program files (x86)\windows kits\8.1\include\um\gl\gl.h(1176): error C2146: syntax error : missing ';' before identifier 'glColor3d'
     1>c:\program files (x86)\windows kits\8.1\include\um\gl\gl.h(1176): error C2182: 'APIENTRY' : illegal use of type 'void'
     1>c:\program files (x86)\windows kits\8.1\include\um\gl\gl.h(1176): error C2086: 'int APIENTRY' : redefinition
                 c:\program files (x86)\windows kits\8.1\include\um\gl\gl.h(1157) : see declaration of 'APIENTRY'
     1>c:\program files (x86)\windows kits\8.1\include\um\gl\gl.h(1177): error C2144: syntax error : 'void' should be preceded by ';'
     1>c:\program files (x86)\windows kits\8.1\include\um\gl\gl.h(1177): error C4430: missing type specifier - int assumed. Note: C++ does not support default-int
     1>c:\program files (x86)\windows kits\8.1\include\um\gl\gl.h(1177): error C2086: 'int WINGDIAPI' : redefinition
                 c:\program files (x86)\windows kits\8.1\include\um\gl\gl.h(1157) : see declaration of 'WINGDIAPI'
     1>c:\program files (x86)\windows kits\8.1\include\um\gl\gl.h(1177): error C2146: syntax error : missing ';' before identifier 'glColor3dv'
     1>c:\program files (x86)\windows kits\8.1\include\um\gl\gl.h(1177): error C2182: 'APIENTRY' : illegal use of type 'void'
     1>c:\program files (x86)\windows kits\8.1\include\um\gl\gl.h(1177): fatal error C1003: error count exceeds 100; stopping compilation
         mesh.cpp
     1>c:\program files (x86)\windows kits\8.1\include\um\gl\gl.h(1157): error C2144: syntax error : 'void' should be preceded by ';'
     1>c:\program files (x86)\windows kits\8.1\include\um\gl\gl.h(1157): error C4430: missing type specifier - int assumed. Note: C++ does not support default-int
     1>c:\program files (x86)\windows kits\8.1\include\um\gl\gl.h(1157): error C2146: syntax error : missing ';' before identifier 'glAccum'
     1>c:\program files (x86)\windows kits\8.1\include\um\gl\gl.h(1157): error C2182: 'APIENTRY' : illegal use of type 'void'
     1>c:\program files (x86)\windows kits\8.1\include\um\gl\gl.h(1158): error C2144: syntax error : 'void' should be preceded by ';'
     1>c:\program files (x86)\windows kits\8.1\include\um\gl\gl.h(1158): error C4430: missing type specifier - int assumed. Note: C++ does not support default-int
     1>c:\program files (x86)\windows kits\8.1\include\um\gl\gl.h(1158): error C2086: 'int WINGDIAPI' : redefinition
                 c:\program files (x86)\windows kits\8.1\include\um\gl\gl.h(1157) : see declaration of 'WINGDIAPI'
     1>c:\program files (x86)\windows kits\8.1\include\um\gl\gl.h(1158): error C2146: syntax error : missing ';' before identifier 'glAlphaFunc'
     1>c:\program files (x86)\windows kits\8.1\include\um\gl\gl.h(1158): error C2182: 'APIENTRY' : illegal use of type 'void'
     1>c:\program files (x86)\windows kits\8.1\include\um\gl\gl.h(1158): error C2086: 'int APIENTRY' : redefinition
                 c:\program files (x86)\windows kits\8.1\include\um\gl\gl.h(1157) : see declaration of 'APIENTRY'
     1>c:\program files (x86)\windows kits\8.1\include\um\gl\gl.h(1159): error C2146: syntax error : missing ';' before identifier 'GLboolean'
     1>c:\program files (x86)\windows kits\8.1\include\um\gl\gl.h(1159): error C4430: missing type specifier - int assumed. Note: C++ does not support default-int
     1>c:\program files (x86)\windows kits\8.1\include\um\gl\gl.h(1159): error C2086: 'int WINGDIAPI' : redefinition
                 c:\program files (x86)\windows kits\8.1\include\um\gl\gl.h(1157) : see declaration of 'WINGDIAPI'
     1>c:\program files (x86)\windows kits\8.1\include\um\gl\gl.h(1159): error C2146: syntax error : missing ';' before identifier 'glAreTexturesResident'
     1>c:\program files (x86)\windows kits\8.1\include\um\gl\gl.h(1159): error C2371: 'APIENTRY' : redefinition; different basic types
                 c:\program files (x86)\windows kits\8.1\include\um\gl\gl.h(1157) : see declaration of 'APIENTRY'
     1>c:\program files (x86)\windows kits\8.1\include\um\gl\gl.h(1160): error C2144: syntax error : 'void' should be preceded by ';'
     1>c:\program files (x86)\windows kits\8.1\include\um\gl\gl.h(1160): error C4430: missing type specifier - int assumed. Note: C++ does not support default-int
     1>c:\program files (x86)\windows kits\8.1\include\um\gl\gl.h(1160): error C2086: 'int WINGDIAPI' : redefinition
                 c:\program files (x86)\windows kits\8.1\include\um\gl\gl.h(1157) : see declaration of 'WINGDIAPI'
     1>c:\program files (x86)\windows kits\8.1\include\um\gl\gl.h(1160): error C2146: syntax error : missing ';' before identifier 'glArrayElement'
     1>c:\program files (x86)\windows kits\8.1\include\um\gl\gl.h(1160): error C2182: 'APIENTRY' : illegal use of type 'void'
     1>c:\program files (x86)\windows kits\8.1\include\um\gl\gl.h(1160): error C2086: 'int APIENTRY' : redefinition
                 c:\program files (x86)\windows kits\8.1\include\um\gl\gl.h(1157) : see declaration of 'APIENTRY'
     1>c:\program files (x86)\windows kits\8.1\include\um\gl\gl.h(1161): error C2144: syntax error : 'void' should be preceded by ';'
     1>c:\program files (x86)\windows kits\8.1\include\um\gl\gl.h(1161): error C4430: missing type specifier - int assumed. Note: C++ does not support default-int
     1>c:\program files (x86)\windows kits\8.1\include\um\gl\gl.h(1161): error C2086: 'int WINGDIAPI' : redefinition
                 c:\program files (x86)\windows kits\8.1\include\um\gl\gl.h(1157) : see declaration of 'WINGDIAPI'
     1>c:\program files (x86)\windows kits\8.1\include\um\gl\gl.h(1161): error C2146: syntax error : missing ';' before identifier 'glBegin'
     1>c:\program files (x86)\windows kits\8.1\include\um\gl\gl.h(1161): error C2182: 'APIENTRY' : illegal use of type 'void'
     1>c:\program files (x86)\windows kits\8.1\include\um\gl\gl.h(1161): error C2086: 'int APIENTRY' : redefinition
                 c:\program files (x86)\windows kits\8.1\include\um\gl\gl.h(1157) : see declaration of 'APIENTRY'
     1>c:\program files (x86)\windows kits\8.1\include\um\gl\gl.h(1162): error C2144: syntax error : 'void' should be preceded by ';'
     1>c:\program files (x86)\windows kits\8.1\include\um\gl\gl.h(1162): error C4430: missing type specifier - int assumed. Note: C++ does not support default-int
     1>c:\program files (x86)\windows kits\8.1\include\um\gl\gl.h(1162): error C2086: 'int WINGDIAPI' : redefinition
                 c:\program files (x86)\windows kits\8.1\include\um\gl\gl.h(1157) : see declaration of 'WINGDIAPI'
     1>c:\program files (x86)\windows kits\8.1\include\um\gl\gl.h(1162): error C2146: syntax error : missing ';' before identifier 'glBindTexture'
     1>c:\program files (x86)\windows kits\8.1\include\um\gl\gl.h(1162): error C2182: 'APIENTRY' : illegal use of type 'void'
     1>c:\program files (x86)\windows kits\8.1\include\um\gl\gl.h(1162): error C2086: 'int APIENTRY' : redefinition
                 c:\program files (x86)\windows kits\8.1\include\um\gl\gl.h(1157) : see declaration of 'APIENTRY'
     1>c:\program files (x86)\windows kits\8.1\include\um\gl\gl.h(1163): error C2144: syntax error : 'void' should be preceded by ';'
     1>c:\program files (x86)\windows kits\8.1\include\um\gl\gl.h(1163): error C4430: missing type specifier - int assumed. Note: C++ does not support default-int
     1>c:\program files (x86)\windows kits\8.1\include\um\gl\gl.h(1163): error C2086: 'int WINGDIAPI' : redefinition
                 c:\program files (x86)\windows kits\8.1\include\um\gl\gl.h(1157) : see declaration of 'WINGDIAPI'
     1>c:\program files (x86)\windows kits\8.1\include\um\gl\gl.h(1163): error C2146: syntax error : missing ';' before identifier 'glBitmap'
     1>c:\program files (x86)\windows kits\8.1\include\um\gl\gl.h(1163): error C2182: 'APIENTRY' : illegal use of type 'void'
     1>c:\program files (x86)\windows kits\8.1\include\um\gl\gl.h(1163): error C2086: 'int APIENTRY' : redefinition
                 c:\program files (x86)\windows kits\8.1\include\um\gl\gl.h(1157) : see declaration of 'APIENTRY'
     1>c:\program files (x86)\windows kits\8.1\include\um\gl\gl.h(1164): error C2144: syntax error : 'void' should be preceded by ';'
     1>c:\program files (x86)\windows kits\8.1\include\um\gl\gl.h(1164): error C4430: missing type specifier - int assumed. Note: C++ does not support default-int
     1>c:\program files (x86)\windows kits\8.1\include\um\gl\gl.h(1164): error C2086: 'int WINGDIAPI' : redefinition
                 c:\program files (x86)\windows kits\8.1\include\um\gl\gl.h(1157) : see declaration of 'WINGDIAPI'
     1>c:\program files (x86)\windows kits\8.1\include\um\gl\gl.h(1164): error C2146: syntax error : missing ';' before identifier 'glBlendFunc'
     1>c:\program files (x86)\windows kits\8.1\include\um\gl\gl.h(1164): error C2182: 'APIENTRY' : illegal use of type 'void'
     1>c:\program files (x86)\windows kits\8.1\include\um\gl\gl.h(1164): error C2086: 'int APIENTRY' : redefinition
                 c:\program files (x86)\windows kits\8.1\include\um\gl\gl.h(1157) : see declaration of 'APIENTRY'
     1>c:\program files (x86)\windows kits\8.1\include\um\gl\gl.h(1165): error C2144: syntax error : 'void' should be preceded by ';'
     1>c:\program files (x86)\windows kits\8.1\include\um\gl\gl.h(1165): error C4430: missing type specifier - int assumed. Note: C++ does not support default-int
     1>c:\program files (x86)\windows kits\8.1\include\um\gl\gl.h(1165): error C2086: 'int WINGDIAPI' : redefinition
                 c:\program files (x86)\windows kits\8.1\include\um\gl\gl.h(1157) : see declaration of 'WINGDIAPI'
     1>c:\program files (x86)\windows kits\8.1\include\um\gl\gl.h(1165): error C2146: syntax error : missing ';' before identifier 'glCallList'
     1>c:\program files (x86)\windows kits\8.1\include\um\gl\gl.h(1165): error C2182: 'APIENTRY' : illegal use of type 'void'
     1>c:\program files (x86)\windows kits\8.1\include\um\gl\gl.h(1165): error C2086: 'int APIENTRY' : redefinition
                 c:\program files (x86)\windows kits\8.1\include\um\gl\gl.h(1157) : see declaration of 'APIENTRY'
     1>c:\program files (x86)\windows kits\8.1\include\um\gl\gl.h(1166): error C2144: syntax error : 'void' should be preceded by ';'
     1>c:\program files (x86)\windows kits\8.1\include\um\gl\gl.h(1166): error C4430: missing type specifier - int assumed. Note: C++ does not support default-int
     1>c:\program files (x86)\windows kits\8.1\include\um\gl\gl.h(1166): error C2086: 'int WINGDIAPI' : redefinition
                 c:\program files (x86)\windows kits\8.1\include\um\gl\gl.h(1157) : see declaration of 'WINGDIAPI'
     1>c:\program files (x86)\windows kits\8.1\include\um\gl\gl.h(1166): error C2146: syntax error : missing ';' before identifier 'glCallLists'
     1>c:\program files (x86)\windows kits\8.1\include\um\gl\gl.h(1166): error C2182: 'APIENTRY' : illegal use of type 'void'
     1>c:\program files (x86)\windows kits\8.1\include\um\gl\gl.h(1166): error C2086: 'int APIENTRY' : redefinition
                 c:\program files (x86)\windows kits\8.1\include\um\gl\gl.h(1157) : see declaration of 'APIENTRY'
     1>c:\program files (x86)\windows kits\8.1\include\um\gl\gl.h(1167): error C2144: syntax error : 'void' should be preceded by ';'
     1>c:\program files (x86)\windows kits\8.1\include\um\gl\gl.h(1167): error C4430: missing type specifier - int assumed. Note: C++ does not support default-int
     1>c:\program files (x86)\windows kits\8.1\include\um\gl\gl.h(1167): error C2086: 'int WINGDIAPI' : redefinition
                 c:\program files (x86)\windows kits\8.1\include\um\gl\gl.h(1157) : see declaration of 'WINGDIAPI'
     1>c:\program files (x86)\windows kits\8.1\include\um\gl\gl.h(1167): error C2146: syntax error : missing ';' before identifier 'glClear'
     1>c:\program files (x86)\windows kits\8.1\include\um\gl\gl.h(1167): error C2182: 'APIENTRY' : illegal use of type 'void'
     1>c:\program files (x86)\windows kits\8.1\include\um\gl\gl.h(1167): error C2086: 'int APIENTRY' : redefinition
                 c:\program files (x86)\windows kits\8.1\include\um\gl\gl.h(1157) : see declaration of 'APIENTRY'
     1>c:\program files (x86)\windows kits\8.1\include\um\gl\gl.h(1168): error C2144: syntax error : 'void' should be preceded by ';'
     1>c:\program files (x86)\windows kits\8.1\include\um\gl\gl.h(1168): error C4430: missing type specifier - int assumed. Note: C++ does not support default-int
     1>c:\program files (x86)\windows kits\8.1\include\um\gl\gl.h(1168): error C2086: 'int WINGDIAPI' : redefinition
                 c:\program files (x86)\windows kits\8.1\include\um\gl\gl.h(1157) : see declaration of 'WINGDIAPI'
     1>c:\program files (x86)\windows kits\8.1\include\um\gl\gl.h(1168): error C2146: syntax error : missing ';' before identifier 'glClearAccum'
     1>c:\program files (x86)\windows kits\8.1\include\um\gl\gl.h(1168): error C2182: 'APIENTRY' : illegal use of type 'void'
     1>c:\program files (x86)\windows kits\8.1\include\um\gl\gl.h(1168): error C2086: 'int APIENTRY' : redefinition
                 c:\program files (x86)\windows kits\8.1\include\um\gl\gl.h(1157) : see declaration of 'APIENTRY'
     1>c:\program files (x86)\windows kits\8.1\include\um\gl\gl.h(1169): error C2144: syntax error : 'void' should be preceded by ';'
     1>c:\program files (x86)\windows kits\8.1\include\um\gl\gl.h(1169): error C4430: missing type specifier - int assumed. Note: C++ does not support default-int
     1>c:\program files (x86)\windows kits\8.1\include\um\gl\gl.h(1169): error C2086: 'int WINGDIAPI' : redefinition
                 c:\program files (x86)\windows kits\8.1\include\um\gl\gl.h(1157) : see declaration of 'WINGDIAPI'
     1>c:\program files (x86)\windows kits\8.1\include\um\gl\gl.h(1169): error C2146: syntax error : missing ';' before identifier 'glClearColor'
     1>c:\program files (x86)\windows kits\8.1\include\um\gl\gl.h(1169): error C2182: 'APIENTRY' : illegal use of type 'void'
     1>c:\program files (x86)\windows kits\8.1\include\um\gl\gl.h(1169): error C2086: 'int APIENTRY' : redefinition
                 c:\program files (x86)\windows kits\8.1\include\um\gl\gl.h(1157) : see declaration of 'APIENTRY'
     1>c:\program files (x86)\windows kits\8.1\include\um\gl\gl.h(1170): error C2144: syntax error : 'void' should be preceded by ';'
     1>c:\program files (x86)\windows kits\8.1\include\um\gl\gl.h(1170): error C4430: missing type specifier - int assumed. Note: C++ does not support default-int
     1>c:\program files (x86)\windows kits\8.1\include\um\gl\gl.h(1170): error C2086: 'int WINGDIAPI' : redefinition
                 c:\program files (x86)\windows kits\8.1\include\um\gl\gl.h(1157) : see declaration of 'WINGDIAPI'
     1>c:\program files (x86)\windows kits\8.1\include\um\gl\gl.h(1170): error C2146: syntax error : missing ';' before identifier 'glClearDepth'
     1>c:\program files (x86)\windows kits\8.1\include\um\gl\gl.h(1170): error C2182: 'APIENTRY' : illegal use of type 'void'
     1>c:\program files (x86)\windows kits\8.1\include\um\gl\gl.h(1170): error C2086: 'int APIENTRY' : redefinition
                 c:\program files (x86)\windows kits\8.1\include\um\gl\gl.h(1157) : see declaration of 'APIENTRY'
     1>c:\program files (x86)\windows kits\8.1\include\um\gl\gl.h(1171): error C2144: syntax error : 'void' should be preceded by ';'
     1>c:\program files (x86)\windows kits\8.1\include\um\gl\gl.h(1171): error C4430: missing type specifier - int assumed. Note: C++ does not support default-int
     1>c:\program files (x86)\windows kits\8.1\include\um\gl\gl.h(1171): error C2086: 'int WINGDIAPI' : redefinition
                 c:\program files (x86)\windows kits\8.1\include\um\gl\gl.h(1157) : see declaration of 'WINGDIAPI'
     1>c:\program files (x86)\windows kits\8.1\include\um\gl\gl.h(1171): error C2146: syntax error : missing ';' before identifier 'glClearIndex'
     1>c:\program files (x86)\windows kits\8.1\include\um\gl\gl.h(1171): error C2182: 'APIENTRY' : illegal use of type 'void'
     1>c:\program files (x86)\windows kits\8.1\include\um\gl\gl.h(1171): error C2086: 'int APIENTRY' : redefinition
                 c:\program files (x86)\windows kits\8.1\include\um\gl\gl.h(1157) : see declaration of 'APIENTRY'
     1>c:\program files (x86)\windows kits\8.1\include\um\gl\gl.h(1172): error C2144: syntax error : 'void' should be preceded by ';'
     1>c:\program files (x86)\windows kits\8.1\include\um\gl\gl.h(1172): error C4430: missing type specifier - int assumed. Note: C++ does not support default-int
     1>c:\program files (x86)\windows kits\8.1\include\um\gl\gl.h(1172): error C2086: 'int WINGDIAPI' : redefinition
                 c:\program files (x86)\windows kits\8.1\include\um\gl\gl.h(1157) : see declaration of 'WINGDIAPI'
     1>c:\program files (x86)\windows kits\8.1\include\um\gl\gl.h(1172): error C2146: syntax error : missing ';' before identifier 'glClearStencil'
     1>c:\program files (x86)\windows kits\8.1\include\um\gl\gl.h(1172): error C2182: 'APIENTRY' : illegal use of type 'void'
     1>c:\program files (x86)\windows kits\8.1\include\um\gl\gl.h(1172): error C2086: 'int APIENTRY' : redefinition
                 c:\program files (x86)\windows kits\8.1\include\um\gl\gl.h(1157) : see declaration of 'APIENTRY'
     1>c:\program files (x86)\windows kits\8.1\include\um\gl\gl.h(1173): error C2144: syntax error : 'void' should be preceded by ';'
     1>c:\program files (x86)\windows kits\8.1\include\um\gl\gl.h(1173): error C4430: missing type specifier - int assumed. Note: C++ does not support default-int
     1>c:\program files (x86)\windows kits\8.1\include\um\gl\gl.h(1173): error C2086: 'int WINGDIAPI' : redefinition
                 c:\program files (x86)\windows kits\8.1\include\um\gl\gl.h(1157) : see declaration of 'WINGDIAPI'
     1>c:\program files (x86)\windows kits\8.1\include\um\gl\gl.h(1173): error C2146: syntax error : missing ';' before identifier 'glClipPlane'
     1>c:\program files (x86)\windows kits\8.1\include\um\gl\gl.h(1173): error C2182: 'APIENTRY' : illegal use of type 'void'
     1>c:\program files (x86)\windows kits\8.1\include\um\gl\gl.h(1173): error C2086: 'int APIENTRY' : redefinition
                 c:\program files (x86)\windows kits\8.1\include\um\gl\gl.h(1157) : see declaration of 'APIENTRY'
     1>c:\program files (x86)\windows kits\8.1\include\um\gl\gl.h(1174): error C2144: syntax error : 'void' should be preceded by ';'
     1>c:\program files (x86)\windows kits\8.1\include\um\gl\gl.h(1174): error C4430: missing type specifier - int assumed. Note: C++ does not support default-int
     1>c:\program files (x86)\windows kits\8.1\include\um\gl\gl.h(1174): error C2086: 'int WINGDIAPI' : redefinition
                 c:\program files (x86)\windows kits\8.1\include\um\gl\gl.h(1157) : see declaration of 'WINGDIAPI'
     1>c:\program files (x86)\windows kits\8.1\include\um\gl\gl.h(1174): error C2146: syntax error : missing ';' before identifier 'glColor3b'
     1>c:\program files (x86)\windows kits\8.1\include\um\gl\gl.h(1174): error C2182: 'APIENTRY' : illegal use of type 'void'
     1>c:\program files (x86)\windows kits\8.1\include\um\gl\gl.h(1174): error C2086: 'int APIENTRY' : redefinition
                 c:\program files (x86)\windows kits\8.1\include\um\gl\gl.h(1157) : see declaration of 'APIENTRY'
     1>c:\program files (x86)\windows kits\8.1\include\um\gl\gl.h(1175): error C2144: syntax error : 'void' should be preceded by ';'
     1>c:\program files (x86)\windows kits\8.1\include\um\gl\gl.h(1175): error C4430: missing type specifier - int assumed. Note: C++ does not support default-int
     1>c:\program files (x86)\windows kits\8.1\include\um\gl\gl.h(1175): error C2086: 'int WINGDIAPI' : redefinition
                 c:\program files (x86)\windows kits\8.1\include\um\gl\gl.h(1157) : see declaration of 'WINGDIAPI'
     1>c:\program files (x86)\windows kits\8.1\include\um\gl\gl.h(1175): error C2146: syntax error : missing ';' before identifier 'glColor3bv'
     1>c:\program files (x86)\windows kits\8.1\include\um\gl\gl.h(1175): error C2182: 'APIENTRY' : illegal use of type 'void'
     1>c:\program files (x86)\windows kits\8.1\include\um\gl\gl.h(1175): error C2086: 'int APIENTRY' : redefinition
                 c:\program files (x86)\windows kits\8.1\include\um\gl\gl.h(1157) : see declaration of 'APIENTRY'
     1>c:\program files (x86)\windows kits\8.1\include\um\gl\gl.h(1176): error C2144: syntax error : 'void' should be preceded by ';'
     1>c:\program files (x86)\windows kits\8.1\include\um\gl\gl.h(1176): error C4430: missing type specifier - int assumed. Note: C++ does not support default-int
     1>c:\program files (x86)\windows kits\8.1\include\um\gl\gl.h(1176): error C2086: 'int WINGDIAPI' : redefinition
                 c:\program files (x86)\windows kits\8.1\include\um\gl\gl.h(1157) : see declaration of 'WINGDIAPI'
     1>c:\program files (x86)\windows kits\8.1\include\um\gl\gl.h(1176): error C2146: syntax error : missing ';' before identifier 'glColor3d'
     1>c:\program files (x86)\windows kits\8.1\include\um\gl\gl.h(1176): error C2182: 'APIENTRY' : illegal use of type 'void'
     1>c:\program files (x86)\windows kits\8.1\include\um\gl\gl.h(1176): error C2086: 'int APIENTRY' : redefinition
                 c:\program files (x86)\windows kits\8.1\include\um\gl\gl.h(1157) : see declaration of 'APIENTRY'
     1>c:\program files (x86)\windows kits\8.1\include\um\gl\gl.h(1177): error C2144: syntax error : 'void' should be preceded by ';'
     1>c:\program files (x86)\windows kits\8.1\include\um\gl\gl.h(1177): error C4430: missing type specifier - int assumed. Note: C++ does not support default-int
     1>c:\program files (x86)\windows kits\8.1\include\um\gl\gl.h(1177): error C2086: 'int WINGDIAPI' : redefinition
                 c:\program files (x86)\windows kits\8.1\include\um\gl\gl.h(1157) : see declaration of 'WINGDIAPI'
     1>c:\program files (x86)\windows kits\8.1\include\um\gl\gl.h(1177): error C2146: syntax error : missing ';' before identifier 'glColor3dv'
     1>c:\program files (x86)\windows kits\8.1\include\um\gl\gl.h(1177): error C2182: 'APIENTRY' : illegal use of type 'void'
     1>c:\program files (x86)\windows kits\8.1\include\um\gl\gl.h(1177): fatal error C1003: error count exceeds 100; stopping compilation
         raytracing.cpp
     1>c:\program files (x86)\windows kits\8.1\include\um\gl\gl.h(1157): error C2144: syntax error : 'void' should be preceded by ';'
     1>c:\program files (x86)\windows kits\8.1\include\um\gl\gl.h(1157): error C4430: missing type specifier - int assumed. Note: C++ does not support default-int
     1>c:\program files (x86)\windows kits\8.1\include\um\gl\gl.h(1157): error C2146: syntax error : missing ';' before identifier 'glAccum'
     1>c:\program files (x86)\windows kits\8.1\include\um\gl\gl.h(1157): error C2182: 'APIENTRY' : illegal use of type 'void'
     1>c:\program files (x86)\windows kits\8.1\include\um\gl\gl.h(1158): error C2144: syntax error : 'void' should be preceded by ';'
     1>c:\program files (x86)\windows kits\8.1\include\um\gl\gl.h(1158): error C4430: missing type specifier - int assumed. Note: C++ does not support default-int
     1>c:\program files (x86)\windows kits\8.1\include\um\gl\gl.h(1158): error C2086: 'int WINGDIAPI' : redefinition
                 c:\program files (x86)\windows kits\8.1\include\um\gl\gl.h(1157) : see declaration of 'WINGDIAPI'
     1>c:\program files (x86)\windows kits\8.1\include\um\gl\gl.h(1158): error C2146: syntax error : missing ';' before identifier 'glAlphaFunc'
     1>c:\program files (x86)\windows kits\8.1\include\um\gl\gl.h(1158): error C2182: 'APIENTRY' : illegal use of type 'void'
     1>c:\program files (x86)\windows kits\8.1\include\um\gl\gl.h(1158): error C2086: 'int APIENTRY' : redefinition
                 c:\program files (x86)\windows kits\8.1\include\um\gl\gl.h(1157) : see declaration of 'APIENTRY'
     1>c:\program files (x86)\windows kits\8.1\include\um\gl\gl.h(1159): error C2146: syntax error : missing ';' before identifier 'GLboolean'
     1>c:\program files (x86)\windows kits\8.1\include\um\gl\gl.h(1159): error C4430: missing type specifier - int assumed. Note: C++ does not support default-int
     1>c:\program files (x86)\windows kits\8.1\include\um\gl\gl.h(1159): error C2086: 'int WINGDIAPI' : redefinition
                 c:\program files (x86)\windows kits\8.1\include\um\gl\gl.h(1157) : see declaration of 'WINGDIAPI'
     1>c:\program files (x86)\windows kits\8.1\include\um\gl\gl.h(1159): error C2146: syntax error : missing ';' before identifier 'glAreTexturesResident'
     1>c:\program files (x86)\windows kits\8.1\include\um\gl\gl.h(1159): error C2371: 'APIENTRY' : redefinition; different basic types
                 c:\program files (x86)\windows kits\8.1\include\um\gl\gl.h(1157) : see declaration of 'APIENTRY'
     1>c:\program files (x86)\windows kits\8.1\include\um\gl\gl.h(1160): error C2144: syntax error : 'void' should be preceded by ';'
     1>c:\program files (x86)\windows kits\8.1\include\um\gl\gl.h(1160): error C4430: missing type specifier - int assumed. Note: C++ does not support default-int
     1>c:\program files (x86)\windows kits\8.1\include\um\gl\gl.h(1160): error C2086: 'int WINGDIAPI' : redefinition
                 c:\program files (x86)\windows kits\8.1\include\um\gl\gl.h(1157) : see declaration of 'WINGDIAPI'
     1>c:\program files (x86)\windows kits\8.1\include\um\gl\gl.h(1160): error C2146: syntax error : missing ';' before identifier 'glArrayElement'
     1>c:\program files (x86)\windows kits\8.1\include\um\gl\gl.h(1160): error C2182: 'APIENTRY' : illegal use of type 'void'
     1>c:\program files (x86)\windows kits\8.1\include\um\gl\gl.h(1160): error C2086: 'int APIENTRY' : redefinition
                 c:\program files (x86)\windows kits\8.1\include\um\gl\gl.h(1157) : see declaration of 'APIENTRY'
     1>c:\program files (x86)\windows kits\8.1\include\um\gl\gl.h(1161): error C2144: syntax error : 'void' should be preceded by ';'
     1>c:\program files (x86)\windows kits\8.1\include\um\gl\gl.h(1161): error C4430: missing type specifier - int assumed. Note: C++ does not support default-int
     1>c:\program files (x86)\windows kits\8.1\include\um\gl\gl.h(1161): error C2086: 'int WINGDIAPI' : redefinition
                 c:\program files (x86)\windows kits\8.1\include\um\gl\gl.h(1157) : see declaration of 'WINGDIAPI'
     1>c:\program files (x86)\windows kits\8.1\include\um\gl\gl.h(1161): error C2146: syntax error : missing ';' before identifier 'glBegin'
     1>c:\program files (x86)\windows kits\8.1\include\um\gl\gl.h(1161): error C2182: 'APIENTRY' : illegal use of type 'void'
     1>c:\program files (x86)\windows kits\8.1\include\um\gl\gl.h(1161): error C2086: 'int APIENTRY' : redefinition
                 c:\program files (x86)\windows kits\8.1\include\um\gl\gl.h(1157) : see declaration of 'APIENTRY'
     1>c:\program files (x86)\windows kits\8.1\include\um\gl\gl.h(1162): error C2144: syntax error : 'void' should be preceded by ';'
     1>c:\program files (x86)\windows kits\8.1\include\um\gl\gl.h(1162): error C4430: missing type specifier - int assumed. Note: C++ does not support default-int
     1>c:\program files (x86)\windows kits\8.1\include\um\gl\gl.h(1162): error C2086: 'int WINGDIAPI' : redefinition
                 c:\program files (x86)\windows kits\8.1\include\um\gl\gl.h(1157) : see declaration of 'WINGDIAPI'
     1>c:\program files (x86)\windows kits\8.1\include\um\gl\gl.h(1162): error C2146: syntax error : missing ';' before identifier 'glBindTexture'
     1>c:\program files (x86)\windows kits\8.1\include\um\gl\gl.h(1162): error C2182: 'APIENTRY' : illegal use of type 'void'
     1>c:\program files (x86)\windows kits\8.1\include\um\gl\gl.h(1162): error C2086: 'int APIENTRY' : redefinition
                 c:\program files (x86)\windows kits\8.1\include\um\gl\gl.h(1157) : see declaration of 'APIENTRY'
     1>c:\program files (x86)\windows kits\8.1\include\um\gl\gl.h(1163): error C2144: syntax error : 'void' should be preceded by ';'
     1>c:\program files (x86)\windows kits\8.1\include\um\gl\gl.h(1163): error C4430: missing type specifier - int assumed. Note: C++ does not support default-int
     1>c:\program files (x86)\windows kits\8.1\include\um\gl\gl.h(1163): error C2086: 'int WINGDIAPI' : redefinition
                 c:\program files (x86)\windows kits\8.1\include\um\gl\gl.h(1157) : see declaration of 'WINGDIAPI'
     1>c:\program files (x86)\windows kits\8.1\include\um\gl\gl.h(1163): error C2146: syntax error : missing ';' before identifier 'glBitmap'
     1>c:\program files (x86)\windows kits\8.1\include\um\gl\gl.h(1163): error C2182: 'APIENTRY' : illegal use of type 'void'
     1>c:\program files (x86)\windows kits\8.1\include\um\gl\gl.h(1163): error C2086: 'int APIENTRY' : redefinition
                 c:\program files (x86)\windows kits\8.1\include\um\gl\gl.h(1157) : see declaration of 'APIENTRY'
     1>c:\program files (x86)\windows kits\8.1\include\um\gl\gl.h(1164): error C2144: syntax error : 'void' should be preceded by ';'
     1>c:\program files (x86)\windows kits\8.1\include\um\gl\gl.h(1164): error C4430: missing type specifier - int assumed. Note: C++ does not support default-int
     1>c:\program files (x86)\windows kits\8.1\include\um\gl\gl.h(1164): error C2086: 'int WINGDIAPI' : redefinition
                 c:\program files (x86)\windows kits\8.1\include\um\gl\gl.h(1157) : see declaration of 'WINGDIAPI'
     1>c:\program files (x86)\windows kits\8.1\include\um\gl\gl.h(1164): error C2146: syntax error : missing ';' before identifier 'glBlendFunc'
     1>c:\program files (x86)\windows kits\8.1\include\um\gl\gl.h(1164): error C2182: 'APIENTRY' : illegal use of type 'void'
     1>c:\program files (x86)\windows kits\8.1\include\um\gl\gl.h(1164): error C2086: 'int APIENTRY' : redefinition
                 c:\program files (x86)\windows kits\8.1\include\um\gl\gl.h(1157) : see declaration of 'APIENTRY'
     1>c:\program files (x86)\windows kits\8.1\include\um\gl\gl.h(1165): error C2144: syntax error : 'void' should be preceded by ';'
     1>c:\program files (x86)\windows kits\8.1\include\um\gl\gl.h(1165): error C4430: missing type specifier - int assumed. Note: C++ does not support default-int
     1>c:\program files (x86)\windows kits\8.1\include\um\gl\gl.h(1165): error C2086: 'int WINGDIAPI' : redefinition
                 c:\program files (x86)\windows kits\8.1\include\um\gl\gl.h(1157) : see declaration of 'WINGDIAPI'
     1>c:\program files (x86)\windows kits\8.1\include\um\gl\gl.h(1165): error C2146: syntax error : missing ';' before identifier 'glCallList'
     1>c:\program files (x86)\windows kits\8.1\include\um\gl\gl.h(1165): error C2182: 'APIENTRY' : illegal use of type 'void'
     1>c:\program files (x86)\windows kits\8.1\include\um\gl\gl.h(1165): error C2086: 'int APIENTRY' : redefinition
                 c:\program files (x86)\windows kits\8.1\include\um\gl\gl.h(1157) : see declaration of 'APIENTRY'
     1>c:\program files (x86)\windows kits\8.1\include\um\gl\gl.h(1166): error C2144: syntax error : 'void' should be preceded by ';'
     1>c:\program files (x86)\windows kits\8.1\include\um\gl\gl.h(1166): error C4430: missing type specifier - int assumed. Note: C++ does not support default-int
     1>c:\program files (x86)\windows kits\8.1\include\um\gl\gl.h(1166): error C2086: 'int WINGDIAPI' : redefinition
                 c:\program files (x86)\windows kits\8.1\include\um\gl\gl.h(1157) : see declaration of 'WINGDIAPI'
     1>c:\program files (x86)\windows kits\8.1\include\um\gl\gl.h(1166): error C2146: syntax error : missing ';' before identifier 'glCallLists'
     1>c:\program files (x86)\windows kits\8.1\include\um\gl\gl.h(1166): error C2182: 'APIENTRY' : illegal use of type 'void'
     1>c:\program files (x86)\windows kits\8.1\include\um\gl\gl.h(1166): error C2086: 'int APIENTRY' : redefinition
                 c:\program files (x86)\windows kits\8.1\include\um\gl\gl.h(1157) : see declaration of 'APIENTRY'
     1>c:\program files (x86)\windows kits\8.1\include\um\gl\gl.h(1167): error C2144: syntax error : 'void' should be preceded by ';'
     1>c:\program files (x86)\windows kits\8.1\include\um\gl\gl.h(1167): error C4430: missing type specifier - int assumed. Note: C++ does not support default-int
     1>c:\program files (x86)\windows kits\8.1\include\um\gl\gl.h(1167): error C2086: 'int WINGDIAPI' : redefinition
                 c:\program files (x86)\windows kits\8.1\include\um\gl\gl.h(1157) : see declaration of 'WINGDIAPI'
     1>c:\program files (x86)\windows kits\8.1\include\um\gl\gl.h(1167): error C2146: syntax error : missing ';' before identifier 'glClear'
     1>c:\program files (x86)\windows kits\8.1\include\um\gl\gl.h(1167): error C2182: 'APIENTRY' : illegal use of type 'void'
     1>c:\program files (x86)\windows kits\8.1\include\um\gl\gl.h(1167): error C2086: 'int APIENTRY' : redefinition
                 c:\program files (x86)\windows kits\8.1\include\um\gl\gl.h(1157) : see declaration of 'APIENTRY'
     1>c:\program files (x86)\windows kits\8.1\include\um\gl\gl.h(1168): error C2144: syntax error : 'void' should be preceded by ';'
     1>c:\program files (x86)\windows kits\8.1\include\um\gl\gl.h(1168): error C4430: missing type specifier - int assumed. Note: C++ does not support default-int
     1>c:\program files (x86)\windows kits\8.1\include\um\gl\gl.h(1168): error C2086: 'int WINGDIAPI' : redefinition
                 c:\program files (x86)\windows kits\8.1\include\um\gl\gl.h(1157) : see declaration of 'WINGDIAPI'
     1>c:\program files (x86)\windows kits\8.1\include\um\gl\gl.h(1168): error C2146: syntax error : missing ';' before identifier 'glClearAccum'
     1>c:\program files (x86)\windows kits\8.1\include\um\gl\gl.h(1168): error C2182: 'APIENTRY' : illegal use of type 'void'
     1>c:\program files (x86)\windows kits\8.1\include\um\gl\gl.h(1168): error C2086: 'int APIENTRY' : redefinition
                 c:\program files (x86)\windows kits\8.1\include\um\gl\gl.h(1157) : see declaration of 'APIENTRY'
     1>c:\program files (x86)\windows kits\8.1\include\um\gl\gl.h(1169): error C2144: syntax error : 'void' should be preceded by ';'
     1>c:\program files (x86)\windows kits\8.1\include\um\gl\gl.h(1169): error C4430: missing type specifier - int assumed. Note: C++ does not support default-int
     1>c:\program files (x86)\windows kits\8.1\include\um\gl\gl.h(1169): error C2086: 'int WINGDIAPI' : redefinition
                 c:\program files (x86)\windows kits\8.1\include\um\gl\gl.h(1157) : see declaration of 'WINGDIAPI'
     1>c:\program files (x86)\windows kits\8.1\include\um\gl\gl.h(1169): error C2146: syntax error : missing ';' before identifier 'glClearColor'
     1>c:\program files (x86)\windows kits\8.1\include\um\gl\gl.h(1169): error C2182: 'APIENTRY' : illegal use of type 'void'
     1>c:\program files (x86)\windows kits\8.1\include\um\gl\gl.h(1169): error C2086: 'int APIENTRY' : redefinition
                 c:\program files (x86)\windows kits\8.1\include\um\gl\gl.h(1157) : see declaration of 'APIENTRY'
     1>c:\program files (x86)\windows kits\8.1\include\um\gl\gl.h(1170): error C2144: syntax error : 'void' should be preceded by ';'
     1>c:\program files (x86)\windows kits\8.1\include\um\gl\gl.h(1170): error C4430: missing type specifier - int assumed. Note: C++ does not support default-int
     1>c:\program files (x86)\windows kits\8.1\include\um\gl\gl.h(1170): error C2086: 'int WINGDIAPI' : redefinition
                 c:\program files (x86)\windows kits\8.1\include\um\gl\gl.h(1157) : see declaration of 'WINGDIAPI'
     1>c:\program files (x86)\windows kits\8.1\include\um\gl\gl.h(1170): error C2146: syntax error : missing ';' before identifier 'glClearDepth'
     1>c:\program files (x86)\windows kits\8.1\include\um\gl\gl.h(1170): error C2182: 'APIENTRY' : illegal use of type 'void'
     1>c:\program files (x86)\windows kits\8.1\include\um\gl\gl.h(1170): error C2086: 'int APIENTRY' : redefinition
                 c:\program files (x86)\windows kits\8.1\include\um\gl\gl.h(1157) : see declaration of 'APIENTRY'
     1>c:\program files (x86)\windows kits\8.1\include\um\gl\gl.h(1171): error C2144: syntax error : 'void' should be preceded by ';'
     1>c:\program files (x86)\windows kits\8.1\include\um\gl\gl.h(1171): error C4430: missing type specifier - int assumed. Note: C++ does not support default-int
     1>c:\program files (x86)\windows kits\8.1\include\um\gl\gl.h(1171): error C2086: 'int WINGDIAPI' : redefinition
                 c:\program files (x86)\windows kits\8.1\include\um\gl\gl.h(1157) : see declaration of 'WINGDIAPI'
     1>c:\program files (x86)\windows kits\8.1\include\um\gl\gl.h(1171): error C2146: syntax error : missing ';' before identifier 'glClearIndex'
     1>c:\program files (x86)\windows kits\8.1\include\um\gl\gl.h(1171): error C2182: 'APIENTRY' : illegal use of type 'void'
     1>c:\program files (x86)\windows kits\8.1\include\um\gl\gl.h(1171): error C2086: 'int APIENTRY' : redefinition
                 c:\program files (x86)\windows kits\8.1\include\um\gl\gl.h(1157) : see declaration of 'APIENTRY'
     1>c:\program files (x86)\windows kits\8.1\include\um\gl\gl.h(1172): error C2144: syntax error : 'void' should be preceded by ';'
     1>c:\program files (x86)\windows kits\8.1\include\um\gl\gl.h(1172): error C4430: missing type specifier - int assumed. Note: C++ does not support default-int
     1>c:\program files (x86)\windows kits\8.1\include\um\gl\gl.h(1172): error C2086: 'int WINGDIAPI' : redefinition
                 c:\program files (x86)\windows kits\8.1\include\um\gl\gl.h(1157) : see declaration of 'WINGDIAPI'
     1>c:\program files (x86)\windows kits\8.1\include\um\gl\gl.h(1172): error C2146: syntax error : missing ';' before identifier 'glClearStencil'
     1>c:\program files (x86)\windows kits\8.1\include\um\gl\gl.h(1172): error C2182: 'APIENTRY' : illegal use of type 'void'
     1>c:\program files (x86)\windows kits\8.1\include\um\gl\gl.h(1172): error C2086: 'int APIENTRY' : redefinition
                 c:\program files (x86)\windows kits\8.1\include\um\gl\gl.h(1157) : see declaration of 'APIENTRY'
     1>c:\program files (x86)\windows kits\8.1\include\um\gl\gl.h(1173): error C2144: syntax error : 'void' should be preceded by ';'
     1>c:\program files (x86)\windows kits\8.1\include\um\gl\gl.h(1173): error C4430: missing type specifier - int assumed. Note: C++ does not support default-int
     1>c:\program files (x86)\windows kits\8.1\include\um\gl\gl.h(1173): error C2086: 'int WINGDIAPI' : redefinition
                 c:\program files (x86)\windows kits\8.1\include\um\gl\gl.h(1157) : see declaration of 'WINGDIAPI'
     1>c:\program files (x86)\windows kits\8.1\include\um\gl\gl.h(1173): error C2146: syntax error : missing ';' before identifier 'glClipPlane'
     1>c:\program files (x86)\windows kits\8.1\include\um\gl\gl.h(1173): error C2182: 'APIENTRY' : illegal use of type 'void'
     1>c:\program files (x86)\windows kits\8.1\include\um\gl\gl.h(1173): error C2086: 'int APIENTRY' : redefinition
                 c:\program files (x86)\windows kits\8.1\include\um\gl\gl.h(1157) : see declaration of 'APIENTRY'
     1>c:\program files (x86)\windows kits\8.1\include\um\gl\gl.h(1174): error C2144: syntax error : 'void' should be preceded by ';'
     1>c:\program files (x86)\windows kits\8.1\include\um\gl\gl.h(1174): error C4430: missing type specifier - int assumed. Note: C++ does not support default-int
     1>c:\program files (x86)\windows kits\8.1\include\um\gl\gl.h(1174): error C2086: 'int WINGDIAPI' : redefinition
                 c:\program files (x86)\windows kits\8.1\include\um\gl\gl.h(1157) : see declaration of 'WINGDIAPI'
     1>c:\program files (x86)\windows kits\8.1\include\um\gl\gl.h(1174): error C2146: syntax error : missing ';' before identifier 'glColor3b'
     1>c:\program files (x86)\windows kits\8.1\include\um\gl\gl.h(1174): error C2182: 'APIENTRY' : illegal use of type 'void'
     1>c:\program files (x86)\windows kits\8.1\include\um\gl\gl.h(1174): error C2086: 'int APIENTRY' : redefinition
                 c:\program files (x86)\windows kits\8.1\include\um\gl\gl.h(1157) : see declaration of 'APIENTRY'
     1>c:\program files (x86)\windows kits\8.1\include\um\gl\gl.h(1175): error C2144: syntax error : 'void' should be preceded by ';'
     1>c:\program files (x86)\windows kits\8.1\include\um\gl\gl.h(1175): error C4430: missing type specifier - int assumed. Note: C++ does not support default-int
     1>c:\program files (x86)\windows kits\8.1\include\um\gl\gl.h(1175): error C2086: 'int WINGDIAPI' : redefinition
                 c:\program files (x86)\windows kits\8.1\include\um\gl\gl.h(1157) : see declaration of 'WINGDIAPI'
     1>c:\program files (x86)\windows kits\8.1\include\um\gl\gl.h(1175): error C2146: syntax error : missing ';' before identifier 'glColor3bv'
     1>c:\program files (x86)\windows kits\8.1\include\um\gl\gl.h(1175): error C2182: 'APIENTRY' : illegal use of type 'void'
     1>c:\program files (x86)\windows kits\8.1\include\um\gl\gl.h(1175): error C2086: 'int APIENTRY' : redefinition
                 c:\program files (x86)\windows kits\8.1\include\um\gl\gl.h(1157) : see declaration of 'APIENTRY'
     1>c:\program files (x86)\windows kits\8.1\include\um\gl\gl.h(1176): error C2144: syntax error : 'void' should be preceded by ';'
     1>c:\program files (x86)\windows kits\8.1\include\um\gl\gl.h(1176): error C4430: missing type specifier - int assumed. Note: C++ does not support default-int
     1>c:\program files (x86)\windows kits\8.1\include\um\gl\gl.h(1176): error C2086: 'int WINGDIAPI' : redefinition
                 c:\program files (x86)\windows kits\8.1\include\um\gl\gl.h(1157) : see declaration of 'WINGDIAPI'
     1>c:\program files (x86)\windows kits\8.1\include\um\gl\gl.h(1176): error C2146: syntax error : missing ';' before identifier 'glColor3d'
     1>c:\program files (x86)\windows kits\8.1\include\um\gl\gl.h(1176): error C2182: 'APIENTRY' : illegal use of type 'void'
     1>c:\program files (x86)\windows kits\8.1\include\um\gl\gl.h(1176): error C2086: 'int APIENTRY' : redefinition
                 c:\program files (x86)\windows kits\8.1\include\um\gl\gl.h(1157) : see declaration of 'APIENTRY'
     1>c:\program files (x86)\windows kits\8.1\include\um\gl\gl.h(1177): error C2144: syntax error : 'void' should be preceded by ';'
     1>c:\program files (x86)\windows kits\8.1\include\um\gl\gl.h(1177): error C4430: missing type specifier - int assumed. Note: C++ does not support default-int
     1>c:\program files (x86)\windows kits\8.1\include\um\gl\gl.h(1177): error C2086: 'int WINGDIAPI' : redefinition
                 c:\program files (x86)\windows kits\8.1\include\um\gl\gl.h(1157) : see declaration of 'WINGDIAPI'
     1>c:\program files (x86)\windows kits\8.1\include\um\gl\gl.h(1177): error C2146: syntax error : missing ';' before identifier 'glColor3dv'
     1>c:\program files (x86)\windows kits\8.1\include\um\gl\gl.h(1177): error C2182: 'APIENTRY' : illegal use of type 'void'
     1>c:\program files (x86)\windows kits\8.1\include\um\gl\gl.h(1177): fatal error C1003: error count exceeds 100; stopping compilation
         Generating Code...
     1>Done Building Project "C:\Users\Bas\Dropbox\TU Delft\Jaar 3\TI1805 Computer Graphics\Assignments\Assignment 4\project\Assignment4_mvs\Assignment4_mvs.vcxproj" (Build target(s)) -- FAILED.

Build FAILED.

Time Elapsed 00:00:00.68
